Build started 8/15/2020 3:40:40 PM.
     1>Project "C:\Users\81809\OneDrive\ドキュメント\Programming\C++ How to Program\Chapter_4\Examples\CounterRepetition\CounterRepetition\CounterRepetition.vcxproj" on node 2 (build target(s)).
     1>PrepareForBuild:
         Creating directory "C:\Users\81809\OneDrive\ドキュメント\Programming\C++ How to Program\Chapter_4\Examples\CounterRepetition\Debug\".
       InitializeBuildStatus:
         Creating "Debug\CounterRepetition.unsuccessfulbuild" because "AlwaysCreate" was specified.
       ClCompile:
         C:\Program Files (x86)\Microsoft Visual Studio 10.0\VC\bin\CL.exe /c /ZI /nologo /W3 /WX- /Od /Oy- /D WIN32 /D _DEBUG /D _CONSOLE /D _UNICODE /D UNICODE /Gm /EHsc /RTC1 /MDd /GS /fp:precise /Zc:wchar_t /Zc:forScope /Fo"Debug\\" /Fd"Debug\vc100.pdb" /Gd /TP /analyze- /errorReport:prompt fig04_10.cpp GradeBook.cpp
         GradeBook.cpp
         fig04_10.cpp
         Generating Code...
       ManifestResourceCompile:
         C:\Program Files (x86)\Microsoft SDKs\Windows\v7.0A\bin\rc.exe /nologo /fo"Debug\CounterRepetition.exe.embed.manifest.res" Debug\CounterRepetition_manifest.rc 
       Link:
         C:\Program Files (x86)\Microsoft Visual Studio 10.0\VC\bin\link.exe /ERRORREPORT:PROMPT /OUT:"C:\Users\81809\OneDrive\ドキュメント\Programming\C++ How to Program\Chapter_4\Examples\CounterRepetition\Debug\CounterRepetition.exe" /INCREMENTAL /NOLOGO kernel32.lib user32.lib gdi32.lib winspool.lib comdlg32.lib advapi32.lib shell32.lib ole32.lib oleaut32.lib uuid.lib odbc32.lib odbccp32.lib /MANIFEST /ManifestFile:"Debug\CounterRepetition.exe.intermediate.manifest" /MANIFESTUAC:"level='asInvoker' uiAccess='false'" /DEBUG /PDB:"C:\Users\81809\OneDrive\ドキュメント\Programming\C++ How to Program\Chapter_4\Examples\CounterRepetition\Debug\CounterRepetition.pdb" /SUBSYSTEM:CONSOLE /TLBID:1 /DYNAMICBASE /NXCOMPAT /IMPLIB:"C:\Users\81809\OneDrive\ドキュメント\Programming\C++ How to Program\Chapter_4\Examples\CounterRepetition\Debug\CounterRepetition.lib" /MACHINE:X86 Debug\CounterRepetition.exe.embed.manifest.res
         Debug\fig04_10.obj
         Debug\GradeBook.obj
       Manifest:
         C:\Program Files (x86)\Microsoft SDKs\Windows\v7.0A\bin\mt.exe /nologo /verbose /out:"Debug\CounterRepetition.exe.embed.manifest" /manifest Debug\CounterRepetition.exe.intermediate.manifest
         C:\Program Files (x86)\Microsoft SDKs\Windows\v7.0A\bin\rc.exe /nologo /fo"Debug\CounterRepetition.exe.embed.manifest.res" Debug\CounterRepetition_manifest.rc 
       LinkEmbedManifest:
         C:\Program Files (x86)\Microsoft Visual Studio 10.0\VC\bin\link.exe /ERRORREPORT:PROMPT /OUT:"C:\Users\81809\OneDrive\ドキュメント\Programming\C++ How to Program\Chapter_4\Examples\CounterRepetition\Debug\CounterRepetition.exe" /INCREMENTAL /NOLOGO kernel32.lib user32.lib gdi32.lib winspool.lib comdlg32.lib advapi32.lib shell32.lib ole32.lib oleaut32.lib uuid.lib odbc32.lib odbccp32.lib /MANIFEST /ManifestFile:"Debug\CounterRepetition.exe.intermediate.manifest" /MANIFESTUAC:"level='asInvoker' uiAccess='false'" /DEBUG /PDB:"C:\Users\81809\OneDrive\ドキュメント\Programming\C++ How to Program\Chapter_4\Examples\CounterRepetition\Debug\CounterRepetition.pdb" /SUBSYSTEM:CONSOLE /TLBID:1 /DYNAMICBASE /NXCOMPAT /IMPLIB:"C:\Users\81809\OneDrive\ドキュメント\Programming\C++ How to Program\Chapter_4\Examples\CounterRepetition\Debug\CounterRepetition.lib" /MACHINE:X86 Debug\CounterRepetition.exe.embed.manifest.res
         Debug\fig04_10.obj
         Debug\GradeBook.obj
         CounterRepetition.vcxproj -> C:\Users\81809\OneDrive\ドキュメント\Programming\C++ How to Program\Chapter_4\Examples\CounterRepetition\Debug\CounterRepetition.exe
       FinalizeBuildStatus:
         Deleting file "Debug\CounterRepetition.unsuccessfulbuild".
         Touching "Debug\CounterRepetition.lastbuildstate".
     1>Done Building Project "C:\Users\81809\OneDrive\ドキュメント\Programming\C++ How to Program\Chapter_4\Examples\CounterRepetition\CounterRepetition\CounterRepetition.vcxproj" (build target(s)).

Build succeeded.

Time Elapsed 00:00:12.53
