Build started 8/13/2020 2:16:45 PM.
     1>Project "C:\Users\81809\OneDrive\ドキュメント\Programming\C++ How to Program\Chapter_3\Examples\DataMember\DataMember\DataMember.vcxproj" on node 2 (build target(s)).
     1>PrepareForBuild:
         Creating directory "C:\Users\81809\OneDrive\ドキュメント\Programming\C++ How to Program\Chapter_3\Examples\DataMember\Debug\".
       InitializeBuildStatus:
         Creating "Debug\DataMember.unsuccessfulbuild" because "AlwaysCreate" was specified.
       ClCompile:
         C:\Program Files (x86)\Microsoft Visual Studio 10.0\VC\bin\CL.exe /c /ZI /nologo /W3 /WX- /Od /Oy- /D WIN32 /D _DEBUG /D _CONSOLE /D _UNICODE /D UNICODE /Gm /EHsc /RTC1 /MDd /GS /fp:precise /Zc:wchar_t /Zc:forScope /Fo"Debug\\" /Fd"Debug\vc100.pdb" /Gd /TP /analyze- /errorReport:prompt fig03_05.cpp
         fig03_05.cpp
       ManifestResourceCompile:
         C:\Program Files (x86)\Microsoft SDKs\Windows\v7.0A\bin\rc.exe /nologo /fo"Debug\DataMember.exe.embed.manifest.res" Debug\DataMember_manifest.rc 
       Link:
         C:\Program Files (x86)\Microsoft Visual Studio 10.0\VC\bin\link.exe /ERRORREPORT:PROMPT /OUT:"C:\Users\81809\OneDrive\ドキュメント\Programming\C++ How to Program\Chapter_3\Examples\DataMember\Debug\DataMember.exe" /INCREMENTAL /NOLOGO kernel32.lib user32.lib gdi32.lib winspool.lib comdlg32.lib advapi32.lib shell32.lib ole32.lib oleaut32.lib uuid.lib odbc32.lib odbccp32.lib /MANIFEST /ManifestFile:"Debug\DataMember.exe.intermediate.manifest" /MANIFESTUAC:"level='asInvoker' uiAccess='false'" /DEBUG /PDB:"C:\Users\81809\OneDrive\ドキュメント\Programming\C++ How to Program\Chapter_3\Examples\DataMember\Debug\DataMember.pdb" /SUBSYSTEM:CONSOLE /TLBID:1 /DYNAMICBASE /NXCOMPAT /IMPLIB:"C:\Users\81809\OneDrive\ドキュメント\Programming\C++ How to Program\Chapter_3\Examples\DataMember\Debug\DataMember.lib" /MACHINE:X86 Debug\DataMember.exe.embed.manifest.res
         Debug\fig03_05.obj
       Manifest:
         C:\Program Files (x86)\Microsoft SDKs\Windows\v7.0A\bin\mt.exe /nologo /verbose /out:"Debug\DataMember.exe.embed.manifest" /manifest Debug\DataMember.exe.intermediate.manifest
         C:\Program Files (x86)\Microsoft SDKs\Windows\v7.0A\bin\rc.exe /nologo /fo"Debug\DataMember.exe.embed.manifest.res" Debug\DataMember_manifest.rc 
       LinkEmbedManifest:
         C:\Program Files (x86)\Microsoft Visual Studio 10.0\VC\bin\link.exe /ERRORREPORT:PROMPT /OUT:"C:\Users\81809\OneDrive\ドキュメント\Programming\C++ How to Program\Chapter_3\Examples\DataMember\Debug\DataMember.exe" /INCREMENTAL /NOLOGO kernel32.lib user32.lib gdi32.lib winspool.lib comdlg32.lib advapi32.lib shell32.lib ole32.lib oleaut32.lib uuid.lib odbc32.lib odbccp32.lib /MANIFEST /ManifestFile:"Debug\DataMember.exe.intermediate.manifest" /MANIFESTUAC:"level='asInvoker' uiAccess='false'" /DEBUG /PDB:"C:\Users\81809\OneDrive\ドキュメント\Programming\C++ How to Program\Chapter_3\Examples\DataMember\Debug\DataMember.pdb" /SUBSYSTEM:CONSOLE /TLBID:1 /DYNAMICBASE /NXCOMPAT /IMPLIB:"C:\Users\81809\OneDrive\ドキュメント\Programming\C++ How to Program\Chapter_3\Examples\DataMember\Debug\DataMember.lib" /MACHINE:X86 Debug\DataMember.exe.embed.manifest.res
         Debug\fig03_05.obj
         DataMember.vcxproj -> C:\Users\81809\OneDrive\ドキュメント\Programming\C++ How to Program\Chapter_3\Examples\DataMember\Debug\DataMember.exe
       FinalizeBuildStatus:
         Deleting file "Debug\DataMember.unsuccessfulbuild".
         Touching "Debug\DataMember.lastbuildstate".
     1>Done Building Project "C:\Users\81809\OneDrive\ドキュメント\Programming\C++ How to Program\Chapter_3\Examples\DataMember\DataMember\DataMember.vcxproj" (build target(s)).

Build succeeded.

Time Elapsed 00:00:01.83
