Build started 8/13/2020 2:30:18 PM.
     1>Project "C:\Users\81809\OneDrive\ドキュメント\Programming\C++ How to Program\Chapter_3\Examples\Constructors\Constructors\Constructors.vcxproj" on node 2 (build target(s)).
     1>InitializeBuildStatus:
         Creating "Debug\Constructors.unsuccessfulbuild" because "AlwaysCreate" was specified.
       ClCompile:
         C:\Program Files (x86)\Microsoft Visual Studio 10.0\VC\bin\CL.exe /c /ZI /nologo /W3 /WX- /Od /Oy- /D WIN32 /D _DEBUG /D _CONSOLE /D _UNICODE /D UNICODE /Gm /EHsc /RTC1 /MDd /GS /fp:precise /Zc:wchar_t /Zc:forScope /Fo"Debug\\" /Fd"Debug\vc100.pdb" /Gd /TP /analyze- /errorReport:prompt fig03_07.cpp
         fig03_07.cpp
       ManifestResourceCompile:
         All outputs are up-to-date.
       Link:
         C:\Program Files (x86)\Microsoft Visual Studio 10.0\VC\bin\link.exe /ERRORREPORT:PROMPT /OUT:"C:\Users\81809\OneDrive\ドキュメント\Programming\C++ How to Program\Chapter_3\Examples\Constructors\Debug\Constructors.exe" /INCREMENTAL /NOLOGO kernel32.lib user32.lib gdi32.lib winspool.lib comdlg32.lib advapi32.lib shell32.lib ole32.lib oleaut32.lib uuid.lib odbc32.lib odbccp32.lib /MANIFEST /ManifestFile:"Debug\Constructors.exe.intermediate.manifest" /MANIFESTUAC:"level='asInvoker' uiAccess='false'" /DEBUG /PDB:"C:\Users\81809\OneDrive\ドキュメント\Programming\C++ How to Program\Chapter_3\Examples\Constructors\Debug\Constructors.pdb" /SUBSYSTEM:CONSOLE /TLBID:1 /DYNAMICBASE /NXCOMPAT /IMPLIB:"C:\Users\81809\OneDrive\ドキュメント\Programming\C++ How to Program\Chapter_3\Examples\Constructors\Debug\Constructors.lib" /MACHINE:X86 Debug\Constructors.exe.embed.manifest.res
         Debug\fig03_07.obj
       Manifest:
         C:\Program Files (x86)\Microsoft SDKs\Windows\v7.0A\bin\mt.exe /nologo /verbose /out:"Debug\Constructors.exe.embed.manifest" /manifest Debug\Constructors.exe.intermediate.manifest
         All outputs are up-to-date.
       LinkEmbedManifest:
         All outputs are up-to-date.
         Constructors.vcxproj -> C:\Users\81809\OneDrive\ドキュメント\Programming\C++ How to Program\Chapter_3\Examples\Constructors\Debug\Constructors.exe
       FinalizeBuildStatus:
         Deleting file "Debug\Constructors.unsuccessfulbuild".
         Touching "Debug\Constructors.lastbuildstate".
     1>Done Building Project "C:\Users\81809\OneDrive\ドキュメント\Programming\C++ How to Program\Chapter_3\Examples\Constructors\Constructors\Constructors.vcxproj" (build target(s)).

Build succeeded.

Time Elapsed 00:00:00.89
