Build started 9/16/2020 9:41:04 PM.
     1>Project "C:\Users\81809\OneDrive\ドキュメント\Programming\C++ How to Program\Chapter_5\Examples\Switch\Switch\Switch.vcxproj" on node 2 (build target(s)).
     1>PrepareForBuild:
         Creating directory "C:\Users\81809\OneDrive\ドキュメント\Programming\C++ How to Program\Chapter_5\Examples\Switch\Debug\".
       InitializeBuildStatus:
         Creating "Debug\Switch.unsuccessfulbuild" because "AlwaysCreate" was specified.
       ClCompile:
         C:\Program Files (x86)\Microsoft Visual Studio 10.0\VC\bin\CL.exe /c /ZI /nologo /W3 /WX- /Od /Oy- /D WIN32 /D _DEBUG /D _CONSOLE /D _UNICODE /D UNICODE /Gm /EHsc /RTC1 /MDd /GS /fp:precise /Zc:wchar_t /Zc:forScope /Fo"Debug\\" /Fd"Debug\vc100.pdb" /Gd /TP /analyze- /errorReport:prompt fig05_11.cpp GradeBook.cpp
         GradeBook.cpp
         fig05_11.cpp
         Generating Code...
       ManifestResourceCompile:
         C:\Program Files (x86)\Microsoft SDKs\Windows\v7.0A\bin\rc.exe /nologo /fo"Debug\Switch.exe.embed.manifest.res" Debug\Switch_manifest.rc 
       Link:
         C:\Program Files (x86)\Microsoft Visual Studio 10.0\VC\bin\link.exe /ERRORREPORT:PROMPT /OUT:"C:\Users\81809\OneDrive\ドキュメント\Programming\C++ How to Program\Chapter_5\Examples\Switch\Debug\Switch.exe" /INCREMENTAL /NOLOGO kernel32.lib user32.lib gdi32.lib winspool.lib comdlg32.lib advapi32.lib shell32.lib ole32.lib oleaut32.lib uuid.lib odbc32.lib odbccp32.lib /MANIFEST /ManifestFile:"Debug\Switch.exe.intermediate.manifest" /MANIFESTUAC:"level='asInvoker' uiAccess='false'" /DEBUG /PDB:"C:\Users\81809\OneDrive\ドキュメント\Programming\C++ How to Program\Chapter_5\Examples\Switch\Debug\Switch.pdb" /SUBSYSTEM:CONSOLE /TLBID:1 /DYNAMICBASE /NXCOMPAT /IMPLIB:"C:\Users\81809\OneDrive\ドキュメント\Programming\C++ How to Program\Chapter_5\Examples\Switch\Debug\Switch.lib" /MACHINE:X86 Debug\Switch.exe.embed.manifest.res
         Debug\fig05_11.obj
         Debug\GradeBook.obj
       Manifest:
         C:\Program Files (x86)\Microsoft SDKs\Windows\v7.0A\bin\mt.exe /nologo /verbose /out:"Debug\Switch.exe.embed.manifest" /manifest Debug\Switch.exe.intermediate.manifest
         C:\Program Files (x86)\Microsoft SDKs\Windows\v7.0A\bin\rc.exe /nologo /fo"Debug\Switch.exe.embed.manifest.res" Debug\Switch_manifest.rc 
       LinkEmbedManifest:
         C:\Program Files (x86)\Microsoft Visual Studio 10.0\VC\bin\link.exe /ERRORREPORT:PROMPT /OUT:"C:\Users\81809\OneDrive\ドキュメント\Programming\C++ How to Program\Chapter_5\Examples\Switch\Debug\Switch.exe" /INCREMENTAL /NOLOGO kernel32.lib user32.lib gdi32.lib winspool.lib comdlg32.lib advapi32.lib shell32.lib ole32.lib oleaut32.lib uuid.lib odbc32.lib odbccp32.lib /MANIFEST /ManifestFile:"Debug\Switch.exe.intermediate.manifest" /MANIFESTUAC:"level='asInvoker' uiAccess='false'" /DEBUG /PDB:"C:\Users\81809\OneDrive\ドキュメント\Programming\C++ How to Program\Chapter_5\Examples\Switch\Debug\Switch.pdb" /SUBSYSTEM:CONSOLE /TLBID:1 /DYNAMICBASE /NXCOMPAT /IMPLIB:"C:\Users\81809\OneDrive\ドキュメント\Programming\C++ How to Program\Chapter_5\Examples\Switch\Debug\Switch.lib" /MACHINE:X86 Debug\Switch.exe.embed.manifest.res
         Debug\fig05_11.obj
         Debug\GradeBook.obj
         Switch.vcxproj -> C:\Users\81809\OneDrive\ドキュメント\Programming\C++ How to Program\Chapter_5\Examples\Switch\Debug\Switch.exe
       FinalizeBuildStatus:
         Deleting file "Debug\Switch.unsuccessfulbuild".
         Touching "Debug\Switch.lastbuildstate".
     1>Done Building Project "C:\Users\81809\OneDrive\ドキュメント\Programming\C++ How to Program\Chapter_5\Examples\Switch\Switch\Switch.vcxproj" (build target(s)).

Build succeeded.

Time Elapsed 00:00:02.07
