Build started 9/16/2020 10:35:38 PM.
     1>Project "C:\Users\81809\OneDrive\ドキュメント\Programming\C++ How to Program\Chapter_5\Examples\Logical\Logical\Logical.vcxproj" on node 2 (build target(s)).
     1>InitializeBuildStatus:
         Creating "Debug\Logical.unsuccessfulbuild" because "AlwaysCreate" was specified.
       ClCompile:
         C:\Program Files (x86)\Microsoft Visual Studio 10.0\VC\bin\CL.exe /c /ZI /nologo /W3 /WX- /Od /Oy- /D WIN32 /D _DEBUG /D _CONSOLE /D _UNICODE /D UNICODE /Gm /EHsc /RTC1 /MDd /GS /fp:precise /Zc:wchar_t /Zc:forScope /Fo"Debug\\" /Fd"Debug\vc100.pdb" /Gd /TP /analyze- /errorReport:prompt logical.cpp
         logical.cpp
       ManifestResourceCompile:
         All outputs are up-to-date.
       Link:
         C:\Program Files (x86)\Microsoft Visual Studio 10.0\VC\bin\link.exe /ERRORREPORT:PROMPT /OUT:"C:\Users\81809\OneDrive\ドキュメント\Programming\C++ How to Program\Chapter_5\Examples\Logical\Debug\Logical.exe" /INCREMENTAL /NOLOGO kernel32.lib user32.lib gdi32.lib winspool.lib comdlg32.lib advapi32.lib shell32.lib ole32.lib oleaut32.lib uuid.lib odbc32.lib odbccp32.lib /MANIFEST /ManifestFile:"Debug\Logical.exe.intermediate.manifest" /MANIFESTUAC:"level='asInvoker' uiAccess='false'" /DEBUG /PDB:"C:\Users\81809\OneDrive\ドキュメント\Programming\C++ How to Program\Chapter_5\Examples\Logical\Debug\Logical.pdb" /SUBSYSTEM:CONSOLE /TLBID:1 /DYNAMICBASE /NXCOMPAT /IMPLIB:"C:\Users\81809\OneDrive\ドキュメント\Programming\C++ How to Program\Chapter_5\Examples\Logical\Debug\Logical.lib" /MACHINE:X86 Debug\Logical.exe.embed.manifest.res
         Debug\logical.obj
       Manifest:
         C:\Program Files (x86)\Microsoft SDKs\Windows\v7.0A\bin\mt.exe /nologo /verbose /out:"Debug\Logical.exe.embed.manifest" /manifest Debug\Logical.exe.intermediate.manifest
         All outputs are up-to-date.
       LinkEmbedManifest:
         All outputs are up-to-date.
         Logical.vcxproj -> C:\Users\81809\OneDrive\ドキュメント\Programming\C++ How to Program\Chapter_5\Examples\Logical\Debug\Logical.exe
       FinalizeBuildStatus:
         Deleting file "Debug\Logical.unsuccessfulbuild".
         Touching "Debug\Logical.lastbuildstate".
     1>Done Building Project "C:\Users\81809\OneDrive\ドキュメント\Programming\C++ How to Program\Chapter_5\Examples\Logical\Logical\Logical.vcxproj" (build target(s)).

Build succeeded.

Time Elapsed 00:00:00.87
