Build started 8/11/2020 2:40:19 PM.
     1>Project "E:\Self-Learning\References\C++\Chapter_1\GuessNumber\GuessNumber\GuessNumber.vcxproj" on node 2 (build target(s)).
     1>PrepareForBuild:
         Creating directory "E:\Self-Learning\References\C++\Chapter_1\GuessNumber\Debug\".
       InitializeBuildStatus:
         Creating "Debug\GuessNumber.unsuccessfulbuild" because "AlwaysCreate" was specified.
       ClCompile:
         C:\Program Files (x86)\Microsoft Visual Studio 10.0\VC\bin\CL.exe /c /ZI /nologo /W3 /WX- /Od /Oy- /D WIN32 /D _DEBUG /D _CONSOLE /D _UNICODE /D UNICODE /Gm /EHsc /RTC1 /MDd /GS /fp:precise /Zc:wchar_t /Zc:forScope /Fo"Debug\\" /Fd"Debug\vc100.pdb" /Gd /TP /analyze- /errorReport:prompt "C:\Users\81809\OneDrive\ドキュメント\Programming\C++ How to Program\CPlusPlusHowToProgram10e\examples\ch01\GuessNumber.cpp"
         GuessNumber.cpp
       ManifestResourceCompile:
         C:\Program Files (x86)\Microsoft SDKs\Windows\v7.0A\bin\rc.exe /nologo /fo"Debug\GuessNumber.exe.embed.manifest.res" Debug\GuessNumber_manifest.rc 
       Link:
         C:\Program Files (x86)\Microsoft Visual Studio 10.0\VC\bin\link.exe /ERRORREPORT:PROMPT /OUT:"E:\Self-Learning\References\C++\Chapter_1\GuessNumber\Debug\GuessNumber.exe" /INCREMENTAL /NOLOGO kernel32.lib user32.lib gdi32.lib winspool.lib comdlg32.lib advapi32.lib shell32.lib ole32.lib oleaut32.lib uuid.lib odbc32.lib odbccp32.lib /MANIFEST /ManifestFile:"Debug\GuessNumber.exe.intermediate.manifest" /MANIFESTUAC:"level='asInvoker' uiAccess='false'" /DEBUG /PDB:"E:\Self-Learning\References\C++\Chapter_1\GuessNumber\Debug\GuessNumber.pdb" /SUBSYSTEM:CONSOLE /TLBID:1 /DYNAMICBASE /NXCOMPAT /IMPLIB:"E:\Self-Learning\References\C++\Chapter_1\GuessNumber\Debug\GuessNumber.lib" /MACHINE:X86 Debug\GuessNumber.exe.embed.manifest.res
         Debug\GuessNumber.obj
       Manifest:
         C:\Program Files (x86)\Microsoft SDKs\Windows\v7.0A\bin\mt.exe /nologo /verbose /out:"Debug\GuessNumber.exe.embed.manifest" /manifest Debug\GuessNumber.exe.intermediate.manifest
         C:\Program Files (x86)\Microsoft SDKs\Windows\v7.0A\bin\rc.exe /nologo /fo"Debug\GuessNumber.exe.embed.manifest.res" Debug\GuessNumber_manifest.rc 
       LinkEmbedManifest:
         C:\Program Files (x86)\Microsoft Visual Studio 10.0\VC\bin\link.exe /ERRORREPORT:PROMPT /OUT:"E:\Self-Learning\References\C++\Chapter_1\GuessNumber\Debug\GuessNumber.exe" /INCREMENTAL /NOLOGO kernel32.lib user32.lib gdi32.lib winspool.lib comdlg32.lib advapi32.lib shell32.lib ole32.lib oleaut32.lib uuid.lib odbc32.lib odbccp32.lib /MANIFEST /ManifestFile:"Debug\GuessNumber.exe.intermediate.manifest" /MANIFESTUAC:"level='asInvoker' uiAccess='false'" /DEBUG /PDB:"E:\Self-Learning\References\C++\Chapter_1\GuessNumber\Debug\GuessNumber.pdb" /SUBSYSTEM:CONSOLE /TLBID:1 /DYNAMICBASE /NXCOMPAT /IMPLIB:"E:\Self-Learning\References\C++\Chapter_1\GuessNumber\Debug\GuessNumber.lib" /MACHINE:X86 Debug\GuessNumber.exe.embed.manifest.res
         Debug\GuessNumber.obj
         GuessNumber.vcxproj -> E:\Self-Learning\References\C++\Chapter_1\GuessNumber\Debug\GuessNumber.exe
       FinalizeBuildStatus:
         Deleting file "Debug\GuessNumber.unsuccessfulbuild".
         Touching "Debug\GuessNumber.lastbuildstate".
     1>Done Building Project "E:\Self-Learning\References\C++\Chapter_1\GuessNumber\GuessNumber\GuessNumber.vcxproj" (build target(s)).

Build succeeded.

Time Elapsed 00:00:07.13
