1504 [Thread-9] DEBUG attention.AttentionComponent  - Got message: 	welcome,introduction,letters,basicsentence,
Activate emotion planner!
Activate emotion recognizer!
Deactivate gaze recognizer!
Deactivate posture recognizer!
Deactivate gesture recognizer!
Deactivate motivation planner!
Deactivate concentration planner!
Deactivate knowledge planner!
Deactivate misconception planner!
Deactivate capacity planner!
Activate emotion planner!
Activate emotion recognizer!
Deactivate gaze recognizer!
Deactivate posture recognizer!
Deactivate gesture recognizer!
Deactivate motivation planner!
Deactivate concentration planner!
Deactivate knowledge planner!
Deactivate misconception planner!
Deactivate capacity planner!
Activate emotion planner!
Activate emotion recognizer!
Deactivate gaze recognizer!
Deactivate posture recognizer!
Deactivate gesture recognizer!
Deactivate motivation planner!
Deactivate concentration planner!
Deactivate knowledge planner!
Deactivate misconception planner!
Deactivate capacity planner!
Activate emotion planner!
Activate emotion recognizer!
Deactivate gaze recognizer!
Deactivate posture recognizer!
Deactivate gesture recognizer!
Deactivate motivation planner!
Deactivate concentration planner!
Deactivate knowledge planner!
Deactivate misconception planner!
Deactivate capacity planner!
Activate emotion planner!
Activate emotion recognizer!
Deactivate gaze recognizer!
Deactivate posture recognizer!
Deactivate gesture recognizer!
Deactivate motivation planner!
Deactivate concentration planner!
Deactivate knowledge planner!
Deactivate misconception planner!
Deactivate capacity planner!
Activate emotion planner!
Activate emotion recognizer!
Deactivate gaze recognizer!
Deactivate posture recognizer!
Deactivate gesture recognizer!
Deactivate motivation planner!
Deactivate concentration planner!
Deactivate knowledge planner!
Deactivate misconception planner!
Deactivate capacity planner!
Activate emotion planner!
Activate emotion recognizer!
Deactivate gaze recognizer!
Deactivate posture recognizer!
Deactivate gesture recognizer!
Deactivate motivation planner!
Deactivate concentration planner!
Deactivate knowledge planner!
Deactivate misconception planner!
Deactivate capacity planner!
Activate emotion planner!
Activate emotion recognizer!
Deactivate gaze recognizer!
Deactivate posture recognizer!
Deactivate gesture recognizer!
Deactivate motivation planner!
Deactivate concentration planner!
Deactivate knowledge planner!
Deactivate misconception planner!
Deactivate capacity planner!
Activate emotion planner!
Activate emotion recognizer!
Deactivate gaze recognizer!
Deactivate posture recognizer!
Deactivate gesture recognizer!
Deactivate motivation planner!
Deactivate concentration planner!
Deactivate knowledge planner!
Deactivate misconception planner!
Deactivate capacity planner!
Activate emotion planner!
Activate emotion recognizer!
Deactivate gaze recognizer!
Deactivate posture recognizer!
Deactivate gesture recognizer!
Deactivate motivation planner!
Deactivate concentration planner!
Deactivate knowledge planner!
Deactivate misconception planner!
Deactivate capacity planner!
Activate emotion planner!
Activate emotion recognizer!
Deactivate gaze recognizer!
Deactivate posture recognizer!
Deactivate gesture recognizer!
Deactivate motivation planner!
Deactivate concentration planner!
Deactivate knowledge planner!
Deactivate misconception planner!
Deactivate capacity planner!
Activate emotion planner!
Activate emotion recognizer!
Deactivate gaze recognizer!
Deactivate posture recognizer!
Deactivate gesture recognizer!
Deactivate motivation planner!
Deactivate concentration planner!
Deactivate knowledge planner!
Deactivate misconception planner!
Deactivate capacity planner!
Activate emotion planner!
Activate emotion recognizer!
Deactivate gaze recognizer!
Deactivate posture recognizer!
Deactivate gesture recognizer!
Deactivate motivation planner!
Deactivate concentration planner!
Deactivate knowledge planner!
Deactivate misconception planner!
Deactivate capacity planner!
Activate emotion planner!
Activate emotion recognizer!
Deactivate gaze recognizer!
Deactivate posture recognizer!
Deactivate gesture recognizer!
Deactivate motivation planner!
Deactivate concentration planner!
Deactivate knowledge planner!
Deactivate misconception planner!
Deactivate capacity planner!
Activate emotion planner!
Activate emotion recognizer!
Deactivate gaze recognizer!
Deactivate posture recognizer!
Deactivate gesture recognizer!
Deactivate motivation planner!
Deactivate concentration planner!
Deactivate knowledge planner!
Deactivate misconception planner!
Deactivate capacity planner!
Activate emotion planner!
Activate emotion recognizer!
Deactivate gaze recognizer!
Deactivate posture recognizer!
Deactivate gesture recognizer!
Deactivate motivation planner!
Deactivate concentration planner!
Deactivate knowledge planner!
Deactivate misconception planner!
Deactivate capacity planner!
Activate emotion planner!
Activate emotion recognizer!
Deactivate gaze recognizer!
Deactivate posture recognizer!
Deactivate gesture recognizer!
Deactivate motivation planner!
Deactivate concentration planner!
Deactivate knowledge planner!
Deactivate misconception planner!
Deactivate capacity planner!
Activate emotion planner!
Activate emotion recognizer!
Deactivate gaze recognizer!
Deactivate posture recognizer!
Deactivate gesture recognizer!
Deactivate motivation planner!
Deactivate concentration planner!
Deactivate knowledge planner!
Deactivate misconception planner!
Deactivate capacity planner!
Activate emotion planner!
Activate emotion recognizer!
Deactivate gaze recognizer!
Deactivate posture recognizer!
Deactivate gesture recognizer!
Deactivate motivation planner!
Deactivate concentration planner!
Deactivate knowledge planner!
Deactivate misconception planner!
Deactivate capacity planner!
Activate emotion planner!
Activate emotion recognizer!
Deactivate gaze recognizer!
Deactivate posture recognizer!
Deactivate gesture recognizer!
Deactivate motivation planner!
Deactivate concentration planner!
Deactivate knowledge planner!
Deactivate misconception planner!
Deactivate capacity planner!
Activate emotion planner!
Activate emotion recognizer!
Deactivate gaze recognizer!
Deactivate posture recognizer!
Deactivate gesture recognizer!
Deactivate motivation planner!
Deactivate concentration planner!
Deactivate knowledge planner!
Deactivate misconception planner!
Deactivate capacity planner!
Activate emotion planner!
Activate emotion recognizer!
Deactivate gaze recognizer!
Deactivate posture recognizer!
Deactivate gesture recognizer!
Deactivate motivation planner!
Deactivate concentration planner!
Deactivate knowledge planner!
Deactivate misconception planner!
Deactivate capacity planner!
Activate emotion planner!
Activate emotion recognizer!
Deactivate gaze recognizer!
Deactivate posture recognizer!
Deactivate gesture recognizer!
Deactivate motivation planner!
Deactivate concentration planner!
Deactivate knowledge planner!
Deactivate misconception planner!
Deactivate capacity planner!
Activate emotion planner!
Activate emotion recognizer!
Deactivate gaze recognizer!
Deactivate posture recognizer!
Deactivate gesture recognizer!
Deactivate motivation planner!
Deactivate concentration planner!
Deactivate knowledge planner!
Deactivate misconception planner!
Deactivate capacity planner!
Activate emotion planner!
Activate emotion recognizer!
Deactivate gaze recognizer!
Deactivate posture recognizer!
Deactivate gesture recognizer!
Deactivate motivation planner!
Deactivate concentration planner!
Deactivate knowledge planner!
Deactivate misconception planner!
Deactivate capacity planner!
Activate emotion planner!
Activate emotion recognizer!
Deactivate gaze recognizer!
Deactivate posture recognizer!
Deactivate gesture recognizer!
Deactivate motivation planner!
Deactivate concentration planner!
Deactivate knowledge planner!
Deactivate misconception planner!
Deactivate capacity planner!
Activate emotion planner!
Activate emotion recognizer!
Deactivate gaze recognizer!
Deactivate posture recognizer!
Deactivate gesture recognizer!
Deactivate motivation planner!
Deactivate concentration planner!
Deactivate knowledge planner!
Deactivate misconception planner!
Deactivate capacity planner!
Activate emotion planner!
Activate emotion recognizer!
Deactivate gaze recognizer!
Deactivate posture recognizer!
Deactivate gesture recognizer!
Deactivate motivation planner!
Deactivate concentration planner!
Deactivate knowledge planner!
Deactivate misconception planner!
Deactivate capacity planner!
Activate emotion planner!
Activate emotion recognizer!
Deactivate gaze recognizer!
Deactivate posture recognizer!
Deactivate gesture recognizer!
Deactivate motivation planner!
Deactivate concentration planner!
Deactivate knowledge planner!
Deactivate misconception planner!
Deactivate capacity planner!
Activate emotion planner!
Activate emotion recognizer!
Deactivate gaze recognizer!
Deactivate posture recognizer!
Deactivate gesture recognizer!
Deactivate motivation planner!
Deactivate concentration planner!
Deactivate knowledge planner!
Deactivate misconception planner!
Deactivate capacity planner!
Activate emotion planner!
Activate emotion recognizer!
Deactivate gaze recognizer!
Deactivate posture recognizer!
Deactivate gesture recognizer!
Deactivate motivation planner!
Deactivate concentration planner!
Deactivate knowledge planner!
Deactivate misconception planner!
Deactivate capacity planner!
Activate emotion planner!
Activate emotion recognizer!
Deactivate gaze recognizer!
Deactivate posture recognizer!
Deactivate gesture recognizer!
Deactivate motivation planner!
Deactivate concentration planner!
Deactivate knowledge planner!
Deactivate misconception planner!
Deactivate capacity planner!
Activate motivation planner!
Activate posture recognizer!
Deactivate gaze recognizer!
Deactivate emotion recognizer!
Deactivate gesture recognizer!
Deactivate emotion planner!
Deactivate concentration planner!
Deactivate knowledge planner!
Deactivate misconception planner!
Deactivate capacity planner!
Activate motivation planner!
Activate posture recognizer!
Deactivate gaze recognizer!
Deactivate emotion recognizer!
Deactivate gesture recognizer!
Deactivate emotion planner!
Deactivate concentration planner!
Deactivate knowledge planner!
Deactivate misconception planner!
Deactivate capacity planner!
Activate motivation planner!
Activate posture recognizer!
Deactivate gaze recognizer!
Deactivate emotion recognizer!
Deactivate gesture recognizer!
Deactivate emotion planner!
Deactivate concentration planner!
Deactivate knowledge planner!
Deactivate misconception planner!
Deactivate capacity planner!
Activate motivation planner!
Activate posture recognizer!
Deactivate gaze recognizer!
Deactivate emotion recognizer!
Deactivate gesture recognizer!
Deactivate emotion planner!
Deactivate concentration planner!
Deactivate knowledge planner!
Deactivate misconception planner!
Deactivate capacity planner!
Activate motivation planner!
Activate posture recognizer!
Deactivate gaze recognizer!
Deactivate emotion recognizer!
Deactivate gesture recognizer!
Deactivate emotion planner!
Deactivate concentration planner!
Deactivate knowledge planner!
Deactivate misconception planner!
Deactivate capacity planner!
Activate motivation planner!
Activate posture recognizer!
Deactivate gaze recognizer!
Deactivate emotion recognizer!
Deactivate gesture recognizer!
Deactivate emotion planner!
Deactivate concentration planner!
Deactivate knowledge planner!
Deactivate misconception planner!
Deactivate capacity planner!
Activate motivation planner!
Activate posture recognizer!
Deactivate gaze recognizer!
Deactivate emotion recognizer!
Deactivate gesture recognizer!
Deactivate emotion planner!
Deactivate concentration planner!
Deactivate knowledge planner!
Deactivate misconception planner!
Deactivate capacity planner!
Activate motivation planner!
Activate posture recognizer!
Deactivate gaze recognizer!
Deactivate emotion recognizer!
Deactivate gesture recognizer!
Deactivate emotion planner!
Deactivate concentration planner!
Deactivate knowledge planner!
Deactivate misconception planner!
Deactivate capacity planner!
Activate motivation planner!
Activate posture recognizer!
Deactivate gaze recognizer!
Deactivate emotion recognizer!
Deactivate gesture recognizer!
Deactivate emotion planner!
Deactivate concentration planner!
Deactivate knowledge planner!
Deactivate misconception planner!
Deactivate capacity planner!
Activate motivation planner!
Activate posture recognizer!
Deactivate gaze recognizer!
Deactivate emotion recognizer!
Deactivate gesture recognizer!
Deactivate emotion planner!
Deactivate concentration planner!
Deactivate knowledge planner!
Deactivate misconception planner!
Deactivate capacity planner!
Activate motivation planner!
Activate posture recognizer!
Deactivate gaze recognizer!
Deactivate emotion recognizer!
Deactivate gesture recognizer!
Deactivate emotion planner!
Deactivate concentration planner!
Deactivate knowledge planner!
Deactivate misconception planner!
Deactivate capacity planner!
Activate motivation planner!
Activate posture recognizer!
Deactivate gaze recognizer!
Deactivate emotion recognizer!
Deactivate gesture recognizer!
Deactivate emotion planner!
Deactivate concentration planner!
Deactivate knowledge planner!
Deactivate misconception planner!
Deactivate capacity planner!
Activate motivation planner!
Activate posture recognizer!
Deactivate gaze recognizer!
Deactivate emotion recognizer!
Deactivate gesture recognizer!
Deactivate emotion planner!
Deactivate concentration planner!
Deactivate knowledge planner!
Deactivate misconception planner!
Deactivate capacity planner!
Activate motivation planner!
Activate posture recognizer!
Deactivate gaze recognizer!
Deactivate emotion recognizer!
Deactivate gesture recognizer!
Deactivate emotion planner!
Deactivate concentration planner!
Deactivate knowledge planner!
Deactivate misconception planner!
Deactivate capacity planner!
Activate motivation planner!
Activate posture recognizer!
Deactivate gaze recognizer!
Deactivate emotion recognizer!
Deactivate gesture recognizer!
Deactivate emotion planner!
Deactivate concentration planner!
Deactivate knowledge planner!
Deactivate misconception planner!
Deactivate capacity planner!
Activate motivation planner!
Activate posture recognizer!
Deactivate gaze recognizer!
Deactivate emotion recognizer!
Deactivate gesture recognizer!
Deactivate emotion planner!
Deactivate concentration planner!
Deactivate knowledge planner!
Deactivate misconception planner!
Deactivate capacity planner!
Activate concentration planner!
Activate gaze recognizer!
Deactivate posture recognizer!
Deactivate emotion recognizer!
Deactivate gesture recognizer!
Deactivate emotion planner!
Deactivate motivation planner!
Deactivate knowledge planner!
Deactivate misconception planner!
Deactivate capacity planner!
Activate concentration planner!
Activate gaze recognizer!
Deactivate posture recognizer!
Deactivate emotion recognizer!
Deactivate gesture recognizer!
Deactivate emotion planner!
Deactivate motivation planner!
Deactivate knowledge planner!
Deactivate misconception planner!
Deactivate capacity planner!
Activate concentration planner!
Activate gaze recognizer!
Deactivate posture recognizer!
Deactivate emotion recognizer!
Deactivate gesture recognizer!
Deactivate emotion planner!
Deactivate motivation planner!
Deactivate knowledge planner!
Deactivate misconception planner!
Deactivate capacity planner!
Activate concentration planner!
Activate gaze recognizer!
Deactivate posture recognizer!
Deactivate emotion recognizer!
Deactivate gesture recognizer!
Deactivate emotion planner!
Deactivate motivation planner!
Deactivate knowledge planner!
Deactivate misconception planner!
Deactivate capacity planner!
Activate concentration planner!
Activate gaze recognizer!
Deactivate posture recognizer!
Deactivate emotion recognizer!
Deactivate gesture recognizer!
Deactivate emotion planner!
Deactivate motivation planner!
Deactivate knowledge planner!
Deactivate misconception planner!
Deactivate capacity planner!
Activate concentration planner!
Activate gaze recognizer!
Deactivate posture recognizer!
Deactivate emotion recognizer!
Deactivate gesture recognizer!
Deactivate emotion planner!
Deactivate motivation planner!
Deactivate knowledge planner!
Deactivate misconception planner!
Deactivate capacity planner!
Activate concentration planner!
Activate gaze recognizer!
Deactivate posture recognizer!
Deactivate emotion recognizer!
Deactivate gesture recognizer!
Deactivate emotion planner!
Deactivate motivation planner!
Deactivate knowledge planner!
Deactivate misconception planner!
Deactivate capacity planner!
Activate concentration planner!
Activate gaze recognizer!
Deactivate posture recognizer!
Deactivate emotion recognizer!
Deactivate gesture recognizer!
Deactivate emotion planner!
Deactivate motivation planner!
Deactivate knowledge planner!
Deactivate misconception planner!
Deactivate capacity planner!
Activate knowledge planner!
Deactivate gesture recognizer!
Deactivate posture recognizer!
Deactivate emotion recognizer!
Deactivate gaze recognizer!
Deactivate emotion planner!
Deactivate motivation planner!
Deactivate concentration planner!
Deactivate misconception planner!
Deactivate capacity planner!
Activate knowledge planner!
Activate misconception planner!
Deactivate gesture recognizer!
Deactivate posture recognizer!
Deactivate emotion recognizer!
Deactivate gaze recognizer!
Deactivate emotion planner!
Deactivate motivation planner!
Deactivate concentration planner!
Deactivate capacity planner!
Activate misconception planner!
Deactivate gesture recognizer!
Deactivate posture recognizer!
Deactivate emotion recognizer!
Deactivate gaze recognizer!
Deactivate emotion planner!
Deactivate motivation planner!
Deactivate concentration planner!
Deactivate knowledge planner!
Deactivate capacity planner!
Activate knowledge planner!
Activate capacity planner!
Deactivate posture recognizer!
Deactivate gesture recognizer!
Deactivate emotion recognizer!
Deactivate gaze recognizer!
Deactivate emotion planner!
Deactivate motivation planner!
Deactivate concentration planner!
Deactivate misconception planner!
Activate knowledge planner!
Activate misconception planner!
Activate capacity planner!
Deactivate gesture recognizer!
Deactivate posture recognizer!
Deactivate emotion recognizer!
Deactivate gaze recognizer!
Deactivate emotion planner!
Deactivate motivation planner!
Deactivate concentration planner!
Activate capacity planner!
Deactivate gesture recognizer!
Deactivate posture recognizer!
Deactivate emotion recognizer!
Deactivate gaze recognizer!
Deactivate emotion planner!
Deactivate motivation planner!
Deactivate concentration planner!
Deactivate misconception planner!
Deactivate knowledge planner!
The student low motivation level!
The student high motivation level!
The student has low concentration level!
Is the student consistent or inconsistent in getting the answer right? [consistent | inconsistent]
