Build started 8/11/2020 2:37:23 PM.
     1>Project "E:\Self-Learning\References\C++\Chapter_2\ModifiedProgram1\ModifiedProgram1\ModifiedProgram1.vcxproj" on node 2 (build target(s)).
     1>PrepareForBuild:
         Creating directory "E:\Self-Learning\References\C++\Chapter_2\ModifiedProgram1\Debug\".
       InitializeBuildStatus:
         Creating "Debug\ModifiedProgram1.unsuccessfulbuild" because "AlwaysCreate" was specified.
       ClCompile:
         C:\Program Files (x86)\Microsoft Visual Studio 10.0\VC\bin\CL.exe /c /ZI /nologo /W3 /WX- /Od /Oy- /D WIN32 /D _DEBUG /D _CONSOLE /D _UNICODE /D UNICODE /Gm /EHsc /RTC1 /MDd /GS /fp:precise /Zc:wchar_t /Zc:forScope /Fo"Debug\\" /Fd"Debug\vc100.pdb" /Gd /TP /analyze- /errorReport:prompt ModifiedProgram1.cpp
         ModifiedProgram1.cpp
       ManifestResourceCompile:
         C:\Program Files (x86)\Microsoft SDKs\Windows\v7.0A\bin\rc.exe /nologo /fo"Debug\ModifiedProgram1.exe.embed.manifest.res" Debug\ModifiedProgram1_manifest.rc 
       Link:
         C:\Program Files (x86)\Microsoft Visual Studio 10.0\VC\bin\link.exe /ERRORREPORT:PROMPT /OUT:"E:\Self-Learning\References\C++\Chapter_2\ModifiedProgram1\Debug\ModifiedProgram1.exe" /INCREMENTAL /NOLOGO kernel32.lib user32.lib gdi32.lib winspool.lib comdlg32.lib advapi32.lib shell32.lib ole32.lib oleaut32.lib uuid.lib odbc32.lib odbccp32.lib /MANIFEST /ManifestFile:"Debug\ModifiedProgram1.exe.intermediate.manifest" /MANIFESTUAC:"level='asInvoker' uiAccess='false'" /DEBUG /PDB:"E:\Self-Learning\References\C++\Chapter_2\ModifiedProgram1\Debug\ModifiedProgram1.pdb" /SUBSYSTEM:CONSOLE /TLBID:1 /DYNAMICBASE /NXCOMPAT /IMPLIB:"E:\Self-Learning\References\C++\Chapter_2\ModifiedProgram1\Debug\ModifiedProgram1.lib" /MACHINE:X86 Debug\ModifiedProgram1.exe.embed.manifest.res
         Debug\ModifiedProgram1.obj
       Manifest:
         C:\Program Files (x86)\Microsoft SDKs\Windows\v7.0A\bin\mt.exe /nologo /verbose /out:"Debug\ModifiedProgram1.exe.embed.manifest" /manifest Debug\ModifiedProgram1.exe.intermediate.manifest
         C:\Program Files (x86)\Microsoft SDKs\Windows\v7.0A\bin\rc.exe /nologo /fo"Debug\ModifiedProgram1.exe.embed.manifest.res" Debug\ModifiedProgram1_manifest.rc 
       LinkEmbedManifest:
         C:\Program Files (x86)\Microsoft Visual Studio 10.0\VC\bin\link.exe /ERRORREPORT:PROMPT /OUT:"E:\Self-Learning\References\C++\Chapter_2\ModifiedProgram1\Debug\ModifiedProgram1.exe" /INCREMENTAL /NOLOGO kernel32.lib user32.lib gdi32.lib winspool.lib comdlg32.lib advapi32.lib shell32.lib ole32.lib oleaut32.lib uuid.lib odbc32.lib odbccp32.lib /MANIFEST /ManifestFile:"Debug\ModifiedProgram1.exe.intermediate.manifest" /MANIFESTUAC:"level='asInvoker' uiAccess='false'" /DEBUG /PDB:"E:\Self-Learning\References\C++\Chapter_2\ModifiedProgram1\Debug\ModifiedProgram1.pdb" /SUBSYSTEM:CONSOLE /TLBID:1 /DYNAMICBASE /NXCOMPAT /IMPLIB:"E:\Self-Learning\References\C++\Chapter_2\ModifiedProgram1\Debug\ModifiedProgram1.lib" /MACHINE:X86 Debug\ModifiedProgram1.exe.embed.manifest.res
         Debug\ModifiedProgram1.obj
         ModifiedProgram1.vcxproj -> E:\Self-Learning\References\C++\Chapter_2\ModifiedProgram1\Debug\ModifiedProgram1.exe
       FinalizeBuildStatus:
         Deleting file "Debug\ModifiedProgram1.unsuccessfulbuild".
         Touching "Debug\ModifiedProgram1.lastbuildstate".
     1>Done Building Project "E:\Self-Learning\References\C++\Chapter_2\ModifiedProgram1\ModifiedProgram1\ModifiedProgram1.vcxproj" (build target(s)).

Build succeeded.

Time Elapsed 00:00:08.63
